{"E:\\Documents\\web_projects\\ACP-mobile-backend\\tests\\helpers\\endpoints.ts": {"path":"E:\\Documents\\web_projects\\ACP-mobile-backend\\tests\\helpers\\endpoints.ts","statementMap":{"0":{"start":{"line":1,"column":0},"end":{"line":1,"column":58}},"1":{"start":{"line":3,"column":13},"end":{"line":3,"column":33}},"2":{"start":{"line":4,"column":13},"end":{"line":4,"column":84}},"3":{"start":{"line":6,"column":13},"end":{"line":6,"column":113}},"4":{"start":{"line":7,"column":13},"end":{"line":7,"column":62}},"5":{"start":{"line":8,"column":13},"end":{"line":8,"column":62}}},"fnMap":{},"branchMap":{},"s":{"0":1,"1":1,"2":1,"3":1,"4":1,"5":1},"f":{},"b":{}}
,"E:\\Documents\\web_projects\\ACP-mobile-backend\\tests\\helpers\\index.ts": {"path":"E:\\Documents\\web_projects\\ACP-mobile-backend\\tests\\helpers\\index.ts","statementMap":{"0":{"start":{"line":1,"column":0},"end":{"line":1,"column":50}},"1":{"start":{"line":2,"column":0},"end":{"line":2,"column":32}},"2":{"start":{"line":3,"column":0},"end":{"line":3,"column":32}},"3":{"start":{"line":4,"column":0},"end":{"line":4,"column":56}},"4":{"start":{"line":5,"column":0},"end":{"line":5,"column":43}},"5":{"start":{"line":7,"column":25},"end":{"line":9,"column":1}},"6":{"start":{"line":8,"column":2},"end":{"line":8,"column":39}},"7":{"start":{"line":7,"column":13},"end":{"line":7,"column":25}},"8":{"start":{"line":11,"column":26},"end":{"line":14,"column":1}},"9":{"start":{"line":12,"column":2},"end":{"line":12,"column":40}},"10":{"start":{"line":13,"column":2},"end":{"line":13,"column":32}},"11":{"start":{"line":11,"column":13},"end":{"line":11,"column":26}},"12":{"start":{"line":16,"column":22},"end":{"line":18,"column":1}},"13":{"start":{"line":17,"column":2},"end":{"line":17,"column":33}},"14":{"start":{"line":16,"column":13},"end":{"line":16,"column":22}},"15":{"start":{"line":20,"column":24},"end":{"line":25,"column":1}},"16":{"start":{"line":21,"column":2},"end":{"line":23,"column":4}},"17":{"start":{"line":24,"column":2},"end":{"line":24,"column":75}},"18":{"start":{"line":20,"column":13},"end":{"line":20,"column":24}},"19":{"start":{"line":27,"column":25},"end":{"line":29,"column":1}},"20":{"start":{"line":28,"column":2},"end":{"line":28,"column":32}},"21":{"start":{"line":27,"column":13},"end":{"line":27,"column":25}},"22":{"start":{"line":31,"column":32},"end":{"line":46,"column":1}},"23":{"start":{"line":35,"column":13},"end":{"line":35,"column":26}},"24":{"start":{"line":37,"column":2},"end":{"line":43,"column":5}},"25":{"start":{"line":38,"column":4},"end":{"line":42,"column":null}},"26":{"start":{"line":39,"column":6},"end":{"line":39,"column":34}},"27":{"start":{"line":41,"column":6},"end":{"line":41,"column":34}},"28":{"start":{"line":45,"column":2},"end":{"line":45,"column":16}},"29":{"start":{"line":31,"column":13},"end":{"line":31,"column":32}},"30":{"start":{"line":48,"column":33},"end":{"line":64,"column":1}},"31":{"start":{"line":53,"column":13},"end":{"line":53,"column":26}},"32":{"start":{"line":55,"column":2},"end":{"line":61,"column":5}},"33":{"start":{"line":56,"column":4},"end":{"line":60,"column":null}},"34":{"start":{"line":57,"column":6},"end":{"line":57,"column":34}},"35":{"start":{"line":59,"column":6},"end":{"line":59,"column":38}},"36":{"start":{"line":63,"column":2},"end":{"line":63,"column":16}},"37":{"start":{"line":48,"column":13},"end":{"line":48,"column":33}},"38":{"start":{"line":66,"column":55},"end":{"line":77,"column":1}},"39":{"start":{"line":71,"column":14},"end":{"line":74,"column":44}},"40":{"start":{"line":75,"column":2},"end":{"line":75,"column":39}},"41":{"start":{"line":76,"column":2},"end":{"line":76,"column":67}},"42":{"start":{"line":66,"column":13},"end":{"line":66,"column":55}},"43":{"start":{"line":79,"column":70},"end":{"line":93,"column":1}},"44":{"start":{"line":87,"column":14},"end":{"line":90,"column":44}},"45":{"start":{"line":91,"column":2},"end":{"line":91,"column":39}},"46":{"start":{"line":92,"column":2},"end":{"line":92,"column":67}},"47":{"start":{"line":79,"column":13},"end":{"line":79,"column":70}},"48":{"start":{"line":95,"column":0},"end":{"line":95,"column":28}}},"fnMap":{"0":{"name":"(anonymous_5)","decl":{"start":{"line":7,"column":25},"end":{"line":7,"column":43}},"loc":{"start":{"line":7,"column":45},"end":{"line":9,"column":1}}},"1":{"name":"(anonymous_6)","decl":{"start":{"line":11,"column":26},"end":{"line":11,"column":31}},"loc":{"start":{"line":11,"column":52},"end":{"line":14,"column":1}}},"2":{"name":"(anonymous_7)","decl":{"start":{"line":16,"column":22},"end":{"line":16,"column":46}},"loc":{"start":{"line":16,"column":48},"end":{"line":18,"column":1}}},"3":{"name":"(anonymous_8)","decl":{"start":{"line":20,"column":24},"end":{"line":20,"column":29}},"loc":{"start":{"line":20,"column":50},"end":{"line":25,"column":1}}},"4":{"name":"(anonymous_9)","decl":{"start":{"line":27,"column":25},"end":{"line":27,"column":43}},"loc":{"start":{"line":27,"column":45},"end":{"line":29,"column":1}}},"5":{"name":"(anonymous_10)","decl":{"start":{"line":31,"column":32},"end":{"line":31,"column":null}},"loc":{"start":{"line":34,"column":7},"end":{"line":46,"column":1}}},"6":{"name":"(anonymous_11)","decl":{"start":{"line":37,"column":26},"end":{"line":37,"column":29}},"loc":{"start":{"line":37,"column":32},"end":{"line":43,"column":3}}},"7":{"name":"(anonymous_12)","decl":{"start":{"line":48,"column":33},"end":{"line":48,"column":null}},"loc":{"start":{"line":52,"column":7},"end":{"line":64,"column":1}}},"8":{"name":"(anonymous_13)","decl":{"start":{"line":55,"column":26},"end":{"line":55,"column":29}},"loc":{"start":{"line":55,"column":32},"end":{"line":61,"column":3}}},"9":{"name":"(anonymous_14)","decl":{"start":{"line":66,"column":55},"end":{"line":66,"column":60}},"loc":{"start":{"line":70,"column":4},"end":{"line":77,"column":1}}},"10":{"name":"(anonymous_15)","decl":{"start":{"line":79,"column":70},"end":{"line":79,"column":75}},"loc":{"start":{"line":86,"column":4},"end":{"line":93,"column":1}}}},"branchMap":{"0":{"loc":{"start":{"line":38,"column":4},"end":{"line":42,"column":null}},"type":"if","locations":[{"start":{"line":38,"column":4},"end":{"line":42,"column":null}},{"start":{"line":40,"column":11},"end":{"line":42,"column":null}}]},"1":{"loc":{"start":{"line":56,"column":4},"end":{"line":60,"column":null}},"type":"if","locations":[{"start":{"line":56,"column":4},"end":{"line":60,"column":null}},{"start":{"line":58,"column":11},"end":{"line":60,"column":null}}]}},"s":{"0":1,"1":1,"2":1,"3":1,"4":1,"5":1,"6":0,"7":1,"8":1,"9":0,"10":0,"11":1,"12":1,"13":0,"14":1,"15":1,"16":0,"17":0,"18":1,"19":1,"20":0,"21":1,"22":1,"23":0,"24":0,"25":0,"26":0,"27":0,"28":0,"29":1,"30":1,"31":0,"32":0,"33":0,"34":0,"35":0,"36":0,"37":1,"38":1,"39":0,"40":0,"41":0,"42":1,"43":1,"44":0,"45":0,"46":0,"47":1,"48":1},"f":{"0":0,"1":0,"2":0,"3":0,"4":0,"5":0,"6":0,"7":0,"8":0,"9":0,"10":0},"b":{"0":[0,0],"1":[0,0]}}
,"E:\\Documents\\web_projects\\ACP-mobile-backend\\tests\\helpers\\mocks\\users\\eligibleUser.ts": {"path":"E:\\Documents\\web_projects\\ACP-mobile-backend\\tests\\helpers\\mocks\\users\\eligibleUser.ts","statementMap":{"0":{"start":{"line":1,"column":0},"end":{"line":1,"column":79}},"1":{"start":{"line":3,"column":13},"end":{"line":5,"column":2}}},"fnMap":{},"branchMap":{},"s":{"0":1,"1":1},"f":{},"b":{}}
,"E:\\Documents\\web_projects\\ACP-mobile-backend\\tests\\helpers\\mocks\\users\\verifyEmail.ts": {"path":"E:\\Documents\\web_projects\\ACP-mobile-backend\\tests\\helpers\\mocks\\users\\verifyEmail.ts","statementMap":{"0":{"start":{"line":1,"column":13},"end":{"line":3,"column":null}}},"fnMap":{},"branchMap":{},"s":{"0":1},"f":{},"b":{}}
}
