TN:
SF:tests\helpers\endpoints.ts
FNF:0
FNH:0
DA:1,1
DA:3,1
DA:4,1
DA:6,1
DA:7,1
DA:8,1
LF:6
LH:6
BRF:0
BRH:0
end_of_record
TN:
SF:tests\helpers\index.ts
FN:7,(anonymous_5)
FN:11,(anonymous_6)
FN:16,(anonymous_7)
FN:20,(anonymous_8)
FN:27,(anonymous_9)
FN:31,(anonymous_10)
FN:37,(anonymous_11)
FN:48,(anonymous_12)
FN:55,(anonymous_13)
FN:66,(anonymous_14)
FN:79,(anonymous_15)
FNF:11
FNH:0
FNDA:0,(anonymous_5)
FNDA:0,(anonymous_6)
FNDA:0,(anonymous_7)
FNDA:0,(anonymous_8)
FNDA:0,(anonymous_9)
FNDA:0,(anonymous_10)
FNDA:0,(anonymous_11)
FNDA:0,(anonymous_12)
FNDA:0,(anonymous_13)
FNDA:0,(anonymous_14)
FNDA:0,(anonymous_15)
DA:1,1
DA:2,1
DA:3,1
DA:4,1
DA:5,1
DA:7,1
DA:8,0
DA:11,1
DA:12,0
DA:13,0
DA:16,1
DA:17,0
DA:20,1
DA:21,0
DA:24,0
DA:27,1
DA:28,0
DA:31,1
DA:35,0
DA:37,0
DA:38,0
DA:39,0
DA:41,0
DA:45,0
DA:48,1
DA:53,0
DA:55,0
DA:56,0
DA:57,0
DA:59,0
DA:63,0
DA:66,1
DA:71,0
DA:75,0
DA:76,0
DA:79,1
DA:87,0
DA:91,0
DA:92,0
DA:95,1
LF:40
LH:15
BRDA:38,0,0,0
BRDA:38,0,1,0
BRDA:56,1,0,0
BRDA:56,1,1,0
BRF:4
BRH:0
end_of_record
TN:
SF:tests\helpers\mocks\users\eligibleUser.ts
FNF:0
FNH:0
DA:1,1
DA:3,1
LF:2
LH:2
BRF:0
BRH:0
end_of_record
TN:
SF:tests\helpers\mocks\users\verifyEmail.ts
FNF:0
FNH:0
DA:1,1
LF:1
LH:1
BRF:0
BRH:0
end_of_record
